Determining if the pthread_create exist failed with the following output:
Change Dir: /home/ai/ClionProjects/test/CMakeFiles/CMakeTmp

Run Build Command:"/usr/bin/make" "cmTC_863da/fast"
/usr/bin/make -f CMakeFiles/cmTC_863da.dir/build.make CMakeFiles/cmTC_863da.dir/build
make[1]: 正在进入目录 `/home/ai/ClionProjects/test/CMakeFiles/CMakeTmp'
Building C object CMakeFiles/cmTC_863da.dir/CheckSymbolExists.c.o
/usr/bin/cc     -o CMakeFiles/cmTC_863da.dir/CheckSymbolExists.c.o   -c /home/ai/ClionProjects/test/CMakeFiles/CMakeTmp/CheckSymbolExists.c
Linking C executable cmTC_863da
/home/ai/cmake-3.6.3/bin/cmake -E cmake_link_script CMakeFiles/cmTC_863da.dir/link.txt --verbose=1
/usr/bin/cc       CMakeFiles/cmTC_863da.dir/CheckSymbolExists.c.o  -o cmTC_863da 
CMakeFiles/cmTC_863da.dir/CheckSymbolExists.c.o：在函数‘main’中：
CheckSymbolExists.c:(.text+0xa)：对‘pthread_create’未定义的引用
collect2: error: ld returned 1 exit status
make[1]: *** [cmTC_863da] 错误 1
make[1]:正在离开目录 `/home/ai/ClionProjects/test/CMakeFiles/CMakeTmp'
make: *** [cmTC_863da/fast] 错误 2

File /home/ai/ClionProjects/test/CMakeFiles/CMakeTmp/CheckSymbolExists.c:
/* */
#include <pthread.h>

int main(int argc, char** argv)
{
  (void)argv;
#ifndef pthread_create
  return ((int*)(&pthread_create))[argc];
#else
  (void)argc;
  return 0;
#endif
}

Determining if the function pthread_create exists in the pthreads failed with the following output:
Change Dir: /home/ai/ClionProjects/test/CMakeFiles/CMakeTmp

Run Build Command:"/usr/bin/make" "cmTC_29fd3/fast"
/usr/bin/make -f CMakeFiles/cmTC_29fd3.dir/build.make CMakeFiles/cmTC_29fd3.dir/build
make[1]: 正在进入目录 `/home/ai/ClionProjects/test/CMakeFiles/CMakeTmp'
Building C object CMakeFiles/cmTC_29fd3.dir/CheckFunctionExists.c.o
/usr/bin/cc    -DCHECK_FUNCTION_EXISTS=pthread_create   -o CMakeFiles/cmTC_29fd3.dir/CheckFunctionExists.c.o   -c /home/ai/cmake-3.6.3/Modules/CheckFunctionExists.c
Linking C executable cmTC_29fd3
/home/ai/cmake-3.6.3/bin/cmake -E cmake_link_script CMakeFiles/cmTC_29fd3.dir/link.txt --verbose=1
/usr/bin/cc   -DCHECK_FUNCTION_EXISTS=pthread_create    CMakeFiles/cmTC_29fd3.dir/CheckFunctionExists.c.o  -o cmTC_29fd3 -lpthreads 
/usr/bin/ld: cannot find -lpthreads
collect2: error: ld returned 1 exit status
make[1]: *** [cmTC_29fd3] 错误 1
make[1]:正在离开目录 `/home/ai/ClionProjects/test/CMakeFiles/CMakeTmp'
make: *** [cmTC_29fd3/fast] 错误 2


